
> porto-v2@0.1.0 build
> next build

▲ Next.js 16.1.3 (Turbopack)
- Environments: .env

  Creating an optimized production build ...
✓ Compiled successfully in 13.3s
  Running TypeScript ...
  Collecting page data using 11 workers ...
  Generating static pages using 11 workers (0/12) ...
  Generating static pages using 11 workers (3/12) 
  Generating static pages using 11 workers (6/12) 
  Generating static pages using 11 workers (9/12) 
✓ Generating static pages using 11 workers (12/12) in 666.5ms
  Finalizing page optimization ...

Route (app)
┌ ○ /
├ ○ /_not-found
├ ○ /about
├ ○ /contact
├ ○ /projects
├ ● /projects/[slug]
│ ├ /projects/ctf-sqli-challenge
│ └ /projects/portfolio-v2
├ ○ /robots.txt
├ ○ /sitemap.xml
└ ○ /terminal


○  (Static)  prerendered as static content
●  (SSG)     prerendered as static HTML (uses generateStaticParams)

